2025-08-22 20:39:32.725801: Updated ES file: ES-000.xlsx
2025-08-22 20:39:32.939242: Updated TS file: MST-TS-M-000 Example Rev_01.xlsx
2025-08-22 20:39:33.052935: Updated ES file: ES-001.xlsx
2025-08-22 20:39:33.159284: Updated TS file: MST-TS-M-001 Valves & Ancillaries Rev_01.xlsx
2025-08-22 20:39:33.256352: Updated ES file: ES-101.xlsx
2025-08-22 20:39:33.366078: Updated TS file: MST-TS-M-101 Boiler & Flue System Rev_01.xlsx
2025-08-22 20:39:33.455428: Updated ES file: ES-102.xlsx
2025-08-22 20:39:33.572617: Updated TS file: MST-TS-M-101 LTHW CHW Chemical Dosing Pot Rev_01.xlsx
2025-08-22 20:39:33.660291: Updated ES file: ES-103.xlsx
2025-08-22 20:39:33.769118: Updated TS file: MST-TS-M-103 LPHW CHW Press. Unit & Exp. Vessel Rev_01.xlsx
2025-08-22 20:39:33.796850: Updated ES file: ES-104.xlsx
2025-08-22 20:39:33.900131: Updated TS file: MST-TS-M-104 LPHW CHW Dirt & Air Separator Rev_01.xlsx
2025-08-22 20:39:33.997054: Updated ES file: ES-105.xlsx
2025-08-22 20:39:34.101936: Updated TS file: MST-TS-M-105 LPHW CHW Circulation Pump Rev_01.xlsx
2025-08-22 20:39:34.193238: Updated ES file: ES-106.xlsx
2025-08-22 20:39:34.301147: Updated TS file: MST-TS-M-106 Radiator Rev_01.xlsx
2025-08-22 20:39:34.394462: Updated ES file: ES-107.xlsx
2025-08-22 20:39:34.504478: Updated TS file: MST-TS-M-107 Radiant Panel Rev_01.xlsx
2025-08-22 20:39:34.593330: Updated ES file: ES-108.xlsx
2025-08-22 20:39:34.729466: Updated TS file: MST-TS-M-108 Trench Heaters Fan Assisted Rev_01.xlsx
2025-08-22 20:39:34.815777: Updated ES file: ES-109.xlsx
2025-08-22 20:39:34.921253: Updated TS file: MST-TS-M-109 LPHW CHW Coil Rev_01.xlsx
2025-08-22 20:39:35.008560: Updated ES file: ES-110.xlsx
2025-08-22 20:39:35.112201: Updated TS file: MST-TS-M-110 Chiller Rev_01.xlsx
2025-08-22 20:39:35.198304: Updated ES file: ES-111.xlsx
2025-08-22 20:39:35.305571: Updated TS file: MST-TS-M-111 Air Source Heat Pump (ASHP) Rev_01.xlsx
2025-08-22 20:39:35.399619: Updated ES file: ES-112.xlsx
2025-08-22 20:39:35.509993: Updated TS file: MST-TS-M-112 Water Source Heat Pump (WSHP) Rev_01.xlsx
2025-08-22 20:39:35.588609: Updated ES file: ES-113.xlsx
2025-08-22 20:39:35.693135: Updated TS file: MST-TS-M-113 LPHW CHW Buffer Vessel Rev_01.xlsx
2025-08-22 20:39:35.773699: Updated ES file: ES-114.xlsx
2025-08-22 20:39:35.878148: Updated TS file: MST-TS-M-114 Calorifier Rev_01.xlsx
2025-08-22 20:39:35.964051: Updated ES file: ES-115.xlsx
2025-08-22 20:39:36.069867: Updated TS file: MST-TS-M-115 Plate Heat Exchanger Rev_01.xlsx
2025-08-22 20:39:36.153816: Updated ES file: ES-116.xlsx
2025-08-22 20:39:36.255628: Updated TS file: MST-TS-M-116 DHW Pump Rev_01.xlsx
2025-08-22 20:39:36.346764: Updated ES file: ES-201.xlsx
2025-08-22 20:39:36.449132: Updated TS file: MST-TS-M-201 Air Handling Unit (AHU) Rev_01.xlsx
2025-08-22 20:39:36.544667: Updated ES file: ES-202.xlsx
2025-08-22 20:39:36.660174: Updated TS file: MST-TS-M-202 Fan Coil Unit (FCU) Rev_01.xlsx
2025-08-22 20:39:36.763146: Updated ES file: ES-203.xlsx
2025-08-22 20:39:36.874815: Updated TS file: MST-TS-M-203 Extract Fan (EF) Rev_01.xlsx
2025-08-22 20:39:36.974350: Updated ES file: ES-204.xlsx
2025-08-22 20:39:37.088439: Updated TS file: MST-TS-M-204 Heat Recovery Unit (HRU) Rev_01.xlsx
2025-08-22 20:39:37.188436: Updated ES file: ES-205.xlsx
2025-08-22 20:39:37.305511: Updated TS file: MST-TS-M-204 Heat Recovery Unit (HRU) Rev_01.xlsx
2025-08-22 20:39:37.403427: Updated ES file: ES-206.xlsx
2025-08-22 20:39:37.518268: Updated TS file: MST-TS-M-206 Crosstalk Attenuator Rev_01.xlsx
2025-08-22 20:39:37.615245: Updated ES file: ES-207.xlsx
2025-08-22 20:39:37.726700: Updated TS file: MST-TS-M-207 Air Curtain Rev_01.xlsx
2025-08-22 20:39:37.827394: Updated ES file: ES-208.xlsx
2025-08-22 20:39:37.936251: Updated TS file: MST-TS-M-208 Grilles Rev_01.xlsx
2025-08-22 20:39:38.030821: Updated ES file: ES-209.xlsx
2025-08-22 20:39:38.134369: Updated TS file: MST-TS-M-209 Volume Control Damper (VCD) Rev_01.xlsx
2025-08-22 20:39:38.236144: Updated ES file: ES-210.xlsx
2025-08-22 20:39:38.340323: Updated TS file: MST-TS-M-210 External Louvres & Cowls Rev_01.xlsx
2025-08-22 20:39:38.453748: Updated ES file: ES-211.xlsx
2025-08-22 20:39:38.569019: Updated TS file: MST-TS-M-211 Fire Dampers Fire Smoke Dampers Rev_01.xlsx
2025-08-22 20:39:38.667026: Updated ES file: ES-212.xlsx
2025-08-22 20:39:38.780035: Updated TS file: MST-TS-M-212 Electric Heater Battery Rev_01.xlsx
2025-08-22 20:39:38.863989: Updated ES file: ES-301.xlsx
2025-08-22 20:39:38.969623: Updated TS file: MST-TS-M-301 Water Storage Tank Rev_01.xlsx
2025-08-22 20:39:39.059551: Updated ES file: ES-302.xlsx
2025-08-22 20:39:39.169874: Updated TS file: MST-TS-M-302 Booster Pump Set Rev_01.xlsx
2025-08-22 20:39:39.267857: Updated ES file: ES-303.xlsx
2025-08-22 20:39:39.390351: Updated TS file: MST-TS-M-303 Water Heater Rev_01.xlsx
2025-08-22 20:39:39.478589: Updated ES file: ES-304.xlsx
2025-08-22 20:39:39.590974: Updated TS file: MST-TS-M-304 Flushing System Rev_01.xlsx
2025-08-22 20:39:39.685220: Updated ES file: ES-305.xlsx
2025-08-22 20:39:39.797727: Updated TS file: MST-TS-M-305 Water Softener Rev_01.xlsx
2025-08-22 20:39:39.888479: Updated ES file: ES-306.xlsx
2025-08-22 20:39:39.994300: Updated TS file: MST-TS-M-306 Humidifier Rev_01.xlsx
2025-08-22 20:39:40.101534: Updated ES file: ES-401.xlsx
2025-08-22 20:39:40.212625: Updated TS file: MST-TS-M-401 DX AC System Rev_01.xlsx
2025-08-22 20:39:40.326303: Updated ES file: ES-402.xlsx
2025-08-22 20:39:40.445670: Updated TS file: MST-TS-M-402 VRF AC System Rev_01.xlsx
2025-08-22 20:39:40.536141: Updated ES file: ES-501.xlsx
2025-08-22 20:39:40.650544: Updated TS file: MST-TS-M-501 Waste Pump Rev_01.xlsx
2025-08-22 20:39:40.732881: Updated ES file: ES-502.xlsx
2025-08-22 20:39:40.847513: Updated TS file: MST-TS-M-502 Sump Pump Rev_01.xlsx
2025-08-22 20:39:40.946287: Updated ES file: ES-601.xlsx
2025-08-22 20:39:41.057956: Updated TS file: MST-TS-M-601 BMS Point List Rev_01.xlsx
2025-08-22 20:39:41.147786: Updated ES file: ES-602.xlsx
2025-08-22 20:39:41.259569: Updated TS file: MST-TS-M-602 Water Gas Meter Rev_01.xlsx
2025-08-22 20:39:41.340984: Updated ES file: ES-701.xlsx
2025-08-22 20:39:41.455904: Updated TS file: MST-TS-M-701 Fire Extinguishers & Fire Blanket Rev_01.xlsx
2025-08-22 20:39:41.547872: Updated ES file: ES-702.xlsx
2025-08-22 20:39:41.650622: Updated TS file: MST-TS-M-702 Dry Riser Rev_01.xlsx
2025-08-22 20:39:41.735877: Updated ES file: ES-703.xlsx
2025-08-22 20:39:41.838500: Updated TS file: MST-TS-M-703 Hydrant Rev_01.xlsx
2025-08-22 20:39:41.935527: Updated ES file: ES-704.xlsx
2025-08-22 20:39:42.038568: Updated TS file: MST-TS-M-704 Fire Suppression Rev_01.xlsx
2025-08-22 20:39:42.136242: Updated ES file: ES-705.xlsx
2025-08-22 20:39:42.242394: Updated TS file: MST-TS-M-705 Dust Extract Rev_01.xlsx
2025-08-22 20:39:42.337629: Updated ES file: ES-801.xlsx
2025-08-22 20:39:42.451962: Updated TS file: MST-TS-M-801 Rainwater Harvesting System Rev_01.xlsx
2025-08-22 20:41:12.471432: Updated ES file: ES-000.xlsx
2025-08-22 20:41:12.610150: Updated TS file: MST-TS-M-000 Example Rev_01.xlsx
2025-08-22 20:41:12.643271: Updated ES file: ES-001.xlsx
2025-08-22 20:41:12.689520: Updated TS file: MST-TS-M-001 Valves & Ancillaries Rev_01.xlsx
2025-08-22 20:41:12.718769: Updated ES file: ES-101.xlsx
2025-08-22 20:41:12.762302: Updated TS file: MST-TS-M-101 Boiler & Flue System Rev_01.xlsx
2025-08-22 20:41:12.785526: Updated ES file: ES-102.xlsx
2025-08-22 20:41:12.828980: Updated TS file: MST-TS-M-101 LTHW CHW Chemical Dosing Pot Rev_01.xlsx
2025-08-22 20:41:12.858534: Updated ES file: ES-103.xlsx
2025-08-22 20:41:12.905059: Updated TS file: MST-TS-M-103 LPHW CHW Press. Unit & Exp. Vessel Rev_01.xlsx
2025-08-22 20:41:12.928187: Updated ES file: ES-104.xlsx
2025-08-22 20:41:12.969803: Updated TS file: MST-TS-M-104 LPHW CHW Dirt & Air Separator Rev_01.xlsx
2025-08-22 20:41:12.995343: Updated ES file: ES-105.xlsx
2025-08-22 20:41:13.037773: Updated TS file: MST-TS-M-105 LPHW CHW Circulation Pump Rev_01.xlsx
2025-08-22 20:41:13.064707: Updated ES file: ES-106.xlsx
2025-08-22 20:41:13.107837: Updated TS file: MST-TS-M-106 Radiator Rev_01.xlsx
2025-08-22 20:41:13.135391: Updated ES file: ES-107.xlsx
2025-08-22 20:41:13.180319: Updated TS file: MST-TS-M-107 Radiant Panel Rev_01.xlsx
2025-08-22 20:41:13.209201: Updated ES file: ES-108.xlsx
2025-08-22 20:41:13.251085: Updated TS file: MST-TS-M-108 Trench Heaters Fan Assisted Rev_01.xlsx
2025-08-22 20:41:13.278187: Updated ES file: ES-109.xlsx
2025-08-22 20:41:13.322545: Updated TS file: MST-TS-M-109 LPHW CHW Coil Rev_01.xlsx
2025-08-22 20:41:13.348982: Updated ES file: ES-110.xlsx
2025-08-22 20:41:13.392595: Updated TS file: MST-TS-M-110 Chiller Rev_01.xlsx
2025-08-22 20:41:13.420113: Updated ES file: ES-111.xlsx
2025-08-22 20:41:13.470596: Updated TS file: MST-TS-M-111 Air Source Heat Pump (ASHP) Rev_01.xlsx
2025-08-22 20:41:13.506460: Updated ES file: ES-112.xlsx
2025-08-22 20:41:13.576813: Updated TS file: MST-TS-M-112 Water Source Heat Pump (WSHP) Rev_01.xlsx
2025-08-22 20:41:13.603578: Updated ES file: ES-113.xlsx
2025-08-22 20:41:13.646642: Updated TS file: MST-TS-M-113 LPHW CHW Buffer Vessel Rev_01.xlsx
2025-08-22 20:41:13.672266: Updated ES file: ES-114.xlsx
2025-08-22 20:41:13.716227: Updated TS file: MST-TS-M-114 Calorifier Rev_01.xlsx
2025-08-22 20:41:13.744743: Updated ES file: ES-115.xlsx
2025-08-22 20:41:13.787647: Updated TS file: MST-TS-M-115 Plate Heat Exchanger Rev_01.xlsx
2025-08-22 20:41:13.812895: Updated ES file: ES-116.xlsx
2025-08-22 20:41:13.855835: Updated TS file: MST-TS-M-116 DHW Pump Rev_01.xlsx
2025-08-22 20:41:13.883709: Updated ES file: ES-201.xlsx
2025-08-22 20:41:13.926315: Updated TS file: MST-TS-M-201 Air Handling Unit (AHU) Rev_01.xlsx
2025-08-22 20:41:13.954955: Updated ES file: ES-202.xlsx
2025-08-22 20:41:13.997726: Updated TS file: MST-TS-M-202 Fan Coil Unit (FCU) Rev_01.xlsx
2025-08-22 20:41:14.025647: Updated ES file: ES-203.xlsx
2025-08-22 20:41:14.069663: Updated TS file: MST-TS-M-203 Extract Fan (EF) Rev_01.xlsx
2025-08-22 20:41:14.097399: Updated ES file: ES-204.xlsx
2025-08-22 20:41:14.141976: Updated TS file: MST-TS-M-204 Heat Recovery Unit (HRU) Rev_01.xlsx
2025-08-22 20:41:14.169452: Updated ES file: ES-205.xlsx
2025-08-22 20:41:14.213785: Updated TS file: MST-TS-M-204 Heat Recovery Unit (HRU) Rev_01.xlsx
2025-08-22 20:41:14.245470: Updated ES file: ES-206.xlsx
2025-08-22 20:41:14.289165: Updated TS file: MST-TS-M-206 Crosstalk Attenuator Rev_01.xlsx
2025-08-22 20:41:14.316405: Updated ES file: ES-207.xlsx
2025-08-22 20:41:14.361757: Updated TS file: MST-TS-M-207 Air Curtain Rev_01.xlsx
2025-08-22 20:41:14.391276: Updated ES file: ES-208.xlsx
2025-08-22 20:41:14.434063: Updated TS file: MST-TS-M-208 Grilles Rev_01.xlsx
2025-08-22 20:41:14.458919: Updated ES file: ES-209.xlsx
2025-08-22 20:41:14.501996: Updated TS file: MST-TS-M-209 Volume Control Damper (VCD) Rev_01.xlsx
2025-08-22 20:41:14.527881: Updated ES file: ES-210.xlsx
2025-08-22 20:41:14.571083: Updated TS file: MST-TS-M-210 External Louvres & Cowls Rev_01.xlsx
2025-08-22 20:41:14.600788: Updated ES file: ES-211.xlsx
2025-08-22 20:41:14.647443: Updated TS file: MST-TS-M-211 Fire Dampers Fire Smoke Dampers Rev_01.xlsx
2025-08-22 20:41:14.675036: Updated ES file: ES-212.xlsx
2025-08-22 20:41:14.717970: Updated TS file: MST-TS-M-212 Electric Heater Battery Rev_01.xlsx
2025-08-22 20:41:14.743002: Updated ES file: ES-301.xlsx
2025-08-22 20:41:14.785345: Updated TS file: MST-TS-M-301 Water Storage Tank Rev_01.xlsx
2025-08-22 20:41:14.811796: Updated ES file: ES-302.xlsx
2025-08-22 20:41:14.855299: Updated TS file: MST-TS-M-302 Booster Pump Set Rev_01.xlsx
2025-08-22 20:41:14.880852: Updated ES file: ES-303.xlsx
2025-08-22 20:41:14.936627: Updated TS file: MST-TS-M-303 Water Heater Rev_01.xlsx
2025-08-22 20:41:14.961811: Updated ES file: ES-304.xlsx
2025-08-22 20:41:15.005777: Updated TS file: MST-TS-M-304 Flushing System Rev_01.xlsx
2025-08-22 20:41:15.035432: Updated ES file: ES-305.xlsx
2025-08-22 20:41:15.078326: Updated TS file: MST-TS-M-305 Water Softener Rev_01.xlsx
2025-08-22 20:41:15.123639: Updated ES file: ES-306.xlsx
2025-08-22 20:41:15.167253: Updated TS file: MST-TS-M-306 Humidifier Rev_01.xlsx
2025-08-22 20:41:15.199612: Updated ES file: ES-401.xlsx
2025-08-22 20:41:15.245621: Updated TS file: MST-TS-M-401 DX AC System Rev_01.xlsx
2025-08-22 20:41:15.281734: Updated ES file: ES-402.xlsx
2025-08-22 20:41:15.323997: Updated TS file: MST-TS-M-402 VRF AC System Rev_01.xlsx
2025-08-22 20:41:15.350873: Updated ES file: ES-501.xlsx
2025-08-22 20:41:15.395490: Updated TS file: MST-TS-M-501 Waste Pump Rev_01.xlsx
2025-08-22 20:41:15.421860: Updated ES file: ES-502.xlsx
2025-08-22 20:41:15.464841: Updated TS file: MST-TS-M-502 Sump Pump Rev_01.xlsx
2025-08-22 20:41:15.491048: Updated ES file: ES-601.xlsx
2025-08-22 20:41:15.537568: Updated TS file: MST-TS-M-601 BMS Point List Rev_01.xlsx
2025-08-22 20:41:15.560640: Updated ES file: ES-602.xlsx
2025-08-22 20:41:15.606935: Updated TS file: MST-TS-M-602 Water Gas Meter Rev_01.xlsx
2025-08-22 20:41:15.632466: Updated ES file: ES-701.xlsx
2025-08-22 20:41:15.675044: Updated TS file: MST-TS-M-701 Fire Extinguishers & Fire Blanket Rev_01.xlsx
2025-08-22 20:41:15.699811: Updated ES file: ES-702.xlsx
2025-08-22 20:41:15.744788: Updated TS file: MST-TS-M-702 Dry Riser Rev_01.xlsx
2025-08-22 20:41:15.769467: Updated ES file: ES-703.xlsx
2025-08-22 20:41:15.812413: Updated TS file: MST-TS-M-703 Hydrant Rev_01.xlsx
2025-08-22 20:41:15.834440: Updated ES file: ES-704.xlsx
2025-08-22 20:41:15.879127: Updated TS file: MST-TS-M-704 Fire Suppression Rev_01.xlsx
2025-08-22 20:41:15.906901: Updated ES file: ES-705.xlsx
2025-08-22 20:41:15.950728: Updated TS file: MST-TS-M-705 Dust Extract Rev_01.xlsx
2025-08-22 20:41:15.979292: Updated ES file: ES-801.xlsx
2025-08-22 20:41:16.024756: Updated TS file: MST-TS-M-801 Rainwater Harvesting System Rev_01.xlsx
